<?xml version="1.0" encoding="UTF-8"?>
<!-- Generated by org.testng.reporters.JUnitReportReporter -->
<testsuite hostname="deepa-PC" failures="0" tests="1" name="com.task.station.StationAppIntegrationTests" time="4.862" errors="0" timestamp="13 Jun 2018 00:30:11 GMT" skipped="0">
  <testcase classname="com.task.station.StationAppIntegrationTests" name="findStationByName" time="4.862"/>
</testsuite> <!-- com.task.station.StationAppIntegrationTests -->
