<?xml version="1.0" encoding="UTF-8"?>
<!-- Generated by org.testng.reporters.JUnitReportReporter -->
<testsuite hostname="deepa-PC" failures="0" tests="1" name="com.task.station.api.StationAPI" time="3.818" errors="0" timestamp="10 Jun 2018 01:52:11 GMT" skipped="0">
  <testcase classname="com.task.station.api.StationAPI" name="getHDStations" time="3.818"/>
</testsuite> <!-- com.task.station.api.StationAPI -->
